# JRE version: Java(TM) SE Runtime Environment (8.0_171-b11) (build 1.8.0_171-b11)
# Java VM: Java HotSpot(TM) 64-Bit Server VM (25.171-b11 mixed mode windows-amd64 compressed oops)
Heap:
 PSYoungGen      total 120320K, used 90770K [0x00000000d5f80000, 0x00000000df000000, 0x0000000100000000)
  eden space 113152K, 74% used [0x00000000d5f80000,0x00000000db1530e8,0x00000000dce00000)
  from space 7168K, 97% used [0x00000000de900000,0x00000000defd1798,0x00000000df000000)
  to   space 8192K, 0% used [0x00000000de000000,0x00000000de000000,0x00000000de800000)
 ParOldGen       total 51200K, used 6359K [0x0000000081e00000, 0x0000000085000000, 0x00000000d5f80000)
  object space 51200K, 12% used [0x0000000081e00000,0x0000000082435c30,0x0000000085000000)
 Metaspace       used 30856K, capacity 31994K, committed 32128K, reserved 1077248K
  class space    used 3955K, capacity 4211K, committed 4224K, reserved 1048576K
GC Heap History (10 events):
Event: 2.907 GC heap before
{Heap before GC invocations=3 (full 0):
 PSYoungGen      total 38400K, used 38392K [0x00000000d5f80000, 0x00000000d8a00000, 0x0000000100000000)
  eden space 33280K, 100% used [0x00000000d5f80000,0x00000000d8000000,0x00000000d8000000)
  from space 5120K, 99% used [0x00000000d8500000,0x00000000d89fe080,0x00000000d8a00000)
  to   space 5120K, 0% used [0x00000000d8000000,0x00000000d8000000,0x00000000d8500000)
 ParOldGen       total 87552K, used 970K [0x0000000081e00000, 0x0000000087380000, 0x00000000d5f80000)
  object space 87552K, 1% used [0x0000000081e00000,0x0000000081ef29e0,0x0000000087380000)
 Metaspace       used 16328K, capacity 16878K, committed 16896K, reserved 1064960K
  class space    used 2135K, capacity 2289K, committed 2304K, reserved 1048576K
Event: 2.913 GC heap after
Heap after GC invocations=3 (full 0):
 PSYoungGen      total 38400K, used 5095K [0x00000000d5f80000, 0x00000000daa80000, 0x0000000100000000)
  eden space 33280K, 0% used [0x00000000d5f80000,0x00000000d5f80000,0x00000000d8000000)
  from space 5120K, 99% used [0x00000000d8000000,0x00000000d84f9da0,0x00000000d8500000)
  to   space 5120K, 0% used [0x00000000da580000,0x00000000da580000,0x00000000daa80000)
 ParOldGen       total 87552K, used 1539K [0x0000000081e00000, 0x0000000087380000, 0x00000000d5f80000)
  object space 87552K, 1% used [0x0000000081e00000,0x0000000081f80f18,0x0000000087380000)
 Metaspace       used 16328K, capacity 16878K, committed 16896K, reserved 1064960K
  class space    used 2135K, capacity 2289K, committed 2304K, reserved 1048576K
}
Event: 3.153 GC heap before
{Heap before GC invocations=4 (full 0):
 PSYoungGen      total 38400K, used 38375K [0x00000000d5f80000, 0x00000000daa80000, 0x0000000100000000)
  eden space 33280K, 100% used [0x00000000d5f80000,0x00000000d8000000,0x00000000d8000000)
  from space 5120K, 99% used [0x00000000d8000000,0x00000000d84f9da0,0x00000000d8500000)
  to   space 5120K, 0% used [0x00000000da580000,0x00000000da580000,0x00000000daa80000)
 ParOldGen       total 87552K, used 1539K [0x0000000081e00000, 0x0000000087380000, 0x00000000d5f80000)
  object space 87552K, 1% used [0x0000000081e00000,0x0000000081f80f18,0x0000000087380000)
 Metaspace       used 18849K, capacity 19462K, committed 19584K, reserved 1067008K
  class space    used 2510K, capacity 2649K, committed 2688K, reserved 1048576K
Event: 3.166 GC heap after
Heap after GC invocations=4 (full 0):
 PSYoungGen      total 71680K, used 5113K [0x00000000d5f80000, 0x00000000daa80000, 0x0000000100000000)
  eden space 66560K, 0% used [0x00000000d5f80000,0x00000000d5f80000,0x00000000da080000)
  from space 5120K, 99% used [0x00000000da580000,0x00000000daa7e470,0x00000000daa80000)
  to   space 5120K, 0% used [0x00000000da080000,0x00000000da080000,0x00000000da580000)
 ParOldGen       total 87552K, used 3128K [0x0000000081e00000, 0x0000000087380000, 0x00000000d5f80000)
  object space 87552K, 3% used [0x0000000081e00000,0x000000008210e098,0x0000000087380000)
 Metaspace       used 18849K, capacity 19462K, committed 19584K, reserved 1067008K
  class space    used 2510K, capacity 2649K, committed 2688K, reserved 1048576K
}
Event: 3.336 GC heap before
{Heap before GC invocations=5 (full 0):
 PSYoungGen      total 71680K, used 22160K [0x00000000d5f80000, 0x00000000daa80000, 0x0000000100000000)
  eden space 66560K, 25% used [0x00000000d5f80000,0x00000000d7025ca8,0x00000000da080000)
  from space 5120K, 99% used [0x00000000da580000,0x00000000daa7e470,0x00000000daa80000)
  to   space 5120K, 0% used [0x00000000da080000,0x00000000da080000,0x00000000da580000)
 ParOldGen       total 87552K, used 3128K [0x0000000081e00000, 0x0000000087380000, 0x00000000d5f80000)
  object space 87552K, 3% used [0x0000000081e00000,0x000000008210e098,0x0000000087380000)
 Metaspace       used 20574K, capacity 21152K, committed 21296K, reserved 1067008K
  class space    used 2686K, capacity 2850K, committed 2944K, reserved 1048576K
Event: 3.349 GC heap after
Heap after GC invocations=5 (full 0):
 PSYoungGen      total 71680K, used 5118K [0x00000000d5f80000, 0x00000000df080000, 0x0000000100000000)
  eden space 66560K, 0% used [0x00000000d5f80000,0x00000000d5f80000,0x00000000da080000)
  from space 5120K, 99% used [0x00000000da080000,0x00000000da57f8d8,0x00000000da580000)
  to   space 7680K, 0% used [0x00000000de900000,0x00000000de900000,0x00000000df080000)
 ParOldGen       total 87552K, used 4484K [0x0000000081e00000, 0x0000000087380000, 0x00000000d5f80000)
  object space 87552K, 5% used [0x0000000081e00000,0x00000000822611d8,0x0000000087380000)
 Metaspace       used 20574K, capacity 21152K, committed 21296K, reserved 1067008K
  class space    used 2686K, capacity 2850K, committed 2944K, reserved 1048576K
}
Event: 3.350 GC heap before
{Heap before GC invocations=6 (full 1):
 PSYoungGen      total 71680K, used 5118K [0x00000000d5f80000, 0x00000000df080000, 0x0000000100000000)
  eden space 66560K, 0% used [0x00000000d5f80000,0x00000000d5f80000,0x00000000da080000)
  from space 5120K, 99% used [0x00000000da080000,0x00000000da57f8d8,0x00000000da580000)
  to   space 7680K, 0% used [0x00000000de900000,0x00000000de900000,0x00000000df080000)
 ParOldGen       total 87552K, used 4484K [0x0000000081e00000, 0x0000000087380000, 0x00000000d5f80000)
  object space 87552K, 5% used [0x0000000081e00000,0x00000000822611d8,0x0000000087380000)
 Metaspace       used 20574K, capacity 21152K, committed 21296K, reserved 1067008K
  class space    used 2686K, capacity 2850K, committed 2944K, reserved 1048576K
Event: 3.390 GC heap after
Heap after GC invocations=6 (full 1):
 PSYoungGen      total 71680K, used 0K [0x00000000d5f80000, 0x00000000df080000, 0x0000000100000000)
  eden space 66560K, 0% used [0x00000000d5f80000,0x00000000d5f80000,0x00000000da080000)
  from space 5120K, 0% used [0x00000000da080000,0x00000000da080000,0x00000000da580000)
  to   space 7680K, 0% used [0x00000000de900000,0x00000000de900000,0x00000000df080000)
 ParOldGen       total 51200K, used 6351K [0x0000000081e00000, 0x0000000085000000, 0x00000000d5f80000)
  object space 51200K, 12% used [0x0000000081e00000,0x0000000082433c30,0x0000000085000000)
 Metaspace       used 20574K, capacity 21152K, committed 21296K, reserved 1067008K
  class space    used 2686K, capacity 2850K, committed 2944K, reserved 1048576K
}
Event: 4.987 GC heap before
{Heap before GC invocations=7 (full 1):
 PSYoungGen      total 71680K, used 66560K [0x00000000d5f80000, 0x00000000df080000, 0x0000000100000000)
  eden space 66560K, 100% used [0x00000000d5f80000,0x00000000da080000,0x00000000da080000)
  from space 5120K, 0% used [0x00000000da080000,0x00000000da080000,0x00000000da580000)
  to   space 7680K, 0% used [0x00000000de900000,0x00000000de900000,0x00000000df080000)
 ParOldGen       total 51200K, used 6351K [0x0000000081e00000, 0x0000000085000000, 0x00000000d5f80000)
  object space 51200K, 12% used [0x0000000081e00000,0x0000000082433c30,0x0000000085000000)
 Metaspace       used 25279K, capacity 26088K, committed 26240K, reserved 1073152K
  class space    used 3265K, capacity 3450K, committed 3456K, reserved 1048576K
Event: 5.010 GC heap after
Heap after GC invocations=7 (full 1):
 PSYoungGen      total 120320K, used 6981K [0x00000000d5f80000, 0x00000000df000000, 0x0000000100000000)
  eden space 113152K, 0% used [0x00000000d5f80000,0x00000000d5f80000,0x00000000dce00000)
  from space 7168K, 97% used [0x00000000de900000,0x00000000defd1798,0x00000000df000000)
  to   space 8192K, 0% used [0x00000000de000000,0x00000000de000000,0x00000000de800000)
 ParOldGen       total 51200K, used 6359K [0x0000000081e00000, 0x0000000085000000, 0x00000000d5f80000)
  object space 51200K, 12% used [0x0000000081e00000,0x0000000082435c30,0x0000000085000000)
 Metaspace       used 25279K, capacity 26088K, committed 26240K, reserved 1073152K
  class space    used 3265K, capacity 3450K, committed 3456K, reserved 1048576K
}

